Build started 2/10/2017 12:17:35 PM.
     1>Project "C:\Users\arejeti1\Desktop\myCodes\cpppractice\Chatserver\Chatserver\Chatserver.vcxproj" on node 2 (Build target(s)).
     1>InitializeBuildStatus:
         Creating "Debug\Chatserver.tlog\unsuccessfulbuild" because "AlwaysCreate" was specified.
       ClCompile:
         All outputs are up-to-date.
         C:\Program Files (x86)\Microsoft Visual Studio 14.0\VC\bin\CL.exe /c /ZI /nologo /W3 /WX- /sdl /Od /Oy- /D WIN32 /D _DEBUG /D _CONSOLE /D _UNICODE /D UNICODE /Gm /EHsc /RTC1 /MDd /GS /fp:precise /Zc:wchar_t /Zc:forScope /Zc:inline /Yu"stdafx.h" /Fp"Debug\Chatserver.pch" /Fo"Debug\\" /Fd"Debug\vc140.pdb" /Gd /TP /analyze- /errorReport:prompt Chatserver.cpp
         Chatserver.cpp
     1>c:\users\arejeti1\desktop\mycodes\cpppractice\chatserver\chatserver\chatserver.cpp(155): warning C4101: 'send_message': unreferenced local variable
     1>c:\users\arejeti1\desktop\mycodes\cpppractice\chatserver\chatserver\chatserver.cpp(234): warning C4715: 'Interaction::verify': not all control paths return a value
       Link:
         C:\Program Files (x86)\Microsoft Visual Studio 14.0\VC\bin\link.exe /ERRORREPORT:PROMPT /OUT:"C:\Users\arejeti1\Desktop\myCodes\cpppractice\Chatserver\Debug\Chatserver.exe" /INCREMENTAL /NOLOGO kernel32.lib user32.lib gdi32.lib winspool.lib comdlg32.lib advapi32.lib shell32.lib ole32.lib oleaut32.lib uuid.lib odbc32.lib odbccp32.lib /MANIFEST /MANIFESTUAC:"level='asInvoker' uiAccess='false'" /manifest:embed /DEBUG /PDB:"C:\Users\arejeti1\Desktop\myCodes\cpppractice\Chatserver\Debug\Chatserver.pdb" /SUBSYSTEM:CONSOLE /TLBID:1 /DYNAMICBASE /NXCOMPAT /IMPLIB:"C:\Users\arejeti1\Desktop\myCodes\cpppractice\Chatserver\Debug\Chatserver.lib" /MACHINE:X86 Debug\Chatserver.obj
         Debug\stdafx.obj
         Chatserver.vcxproj -> C:\Users\arejeti1\Desktop\myCodes\cpppractice\Chatserver\Debug\Chatserver.exe
         Chatserver.vcxproj -> C:\Users\arejeti1\Desktop\myCodes\cpppractice\Chatserver\Debug\Chatserver.pdb (Full PDB)
       FinalizeBuildStatus:
         Deleting file "Debug\Chatserver.tlog\unsuccessfulbuild".
         Touching "Debug\Chatserver.tlog\Chatserver.lastbuildstate".
     1>Done Building Project "C:\Users\arejeti1\Desktop\myCodes\cpppractice\Chatserver\Chatserver\Chatserver.vcxproj" (Build target(s)).

Build succeeded.

Time Elapsed 00:00:01.64
